[2021-02-05 20:41:20,967] multiqc                                            [DEBUG  ]  No MultiQC config found: /stornext/Home/data/allstaff/h/hickey/miniconda3/lib/python3.7/site-packages/multiqc_config.yaml
[2021-02-05 20:41:20,968] multiqc                                            [DEBUG  ]  No MultiQC config found: /stornext/Home/data/allstaff/h/hickey/.multiqc_config.yaml
[2021-02-05 20:41:20,968] multiqc                                            [DEBUG  ]  No MultiQC config found: multiqc_config.yaml
[2021-02-05 20:41:20,968] multiqc                                            [DEBUG  ]  Command used: /home/users/lab0605/hickey/miniconda3/bin/multiqc --title C086_Kinkel --outdir ../output/FastQC --no-megaqc-upload ../output/FastQC
[2021-02-05 20:41:22,834] multiqc                                            [DEBUG  ]  Latest MultiQC version is v1.9
[2021-02-05 20:41:22,834] multiqc                                            [INFO   ]  This is MultiQC v1.9
[2021-02-05 20:41:22,835] multiqc                                            [DEBUG  ]  Command     : /home/users/lab0605/hickey/miniconda3/bin/multiqc --title C086_Kinkel --outdir ../output/FastQC --no-megaqc-upload ../output/FastQC
[2021-02-05 20:41:22,835] multiqc                                            [DEBUG  ]  Working dir : /stornext/Projects/score/Analyses/C086_Kinkel/extdata
[2021-02-05 20:41:22,835] multiqc                                            [INFO   ]  Template    : default
[2021-02-05 20:41:22,835] multiqc                                            [DEBUG  ]  Running Python 3.7.4 (default, Aug 13 2019, 20:35:49)  [GCC 7.3.0]
[2021-02-05 20:41:22,835] multiqc                                            [INFO   ]  Report title: C086_Kinkel
[2021-02-05 20:41:22,835] multiqc                                            [INFO   ]  Searching   : /stornext/Projects/score/Analyses/C086_Kinkel/output/FastQC
[2021-02-05 20:41:22,836] multiqc                                            [DEBUG  ]  Analysing modules: custom_content, conpair, peddy, somalier, methylQA, mosdepth, phantompeakqualtools, qualimap, preseq, quast, qorts, rna_seqc, rockhopper, rsem, rseqc, busco, goleft_indexcov, disambiguate, supernova, deeptools, sargasso, verifybamid, mirtrace, happy, mirtop, homer, macs2, theta2, snpeff, gatk, htseq, bcftools, featureCounts, fgbio, dragen, dedup, damageprofiler, biobambam2, mtnucratio, picard, prokka, samblaster, samtools, sexdeterrmine, bamtools, jellyfish, vcftools, longranger, stacks, varscan2, bbmap, bismark, biscuit, hicexplorer, hicup, hicpro, salmon, kallisto, slamdunk, star, hisat2, tophat, bowtie2, bowtie1, snpsplit, kat, leehom, adapterRemoval, clipandmerge, cutadapt, flexbar, kaiju, kraken, malt, trimmomatic, sickle, skewer, sortmerna, biobloomtools, fastq_screen, afterqc, fastp, fastqc, pycoqc, minionqc, multivcfanalyzer, clusterflow, bcl2fastq, interop, ivar, flash, seqyclean
[2021-02-05 20:41:22,836] multiqc                                            [DEBUG  ]  Using temporary directory for creating report: /stornext/Home/data/allstaff/h/hickey/tmp/tmpbyjgaj3z
[2021-02-05 20:41:23,457] multiqc                                            [DEBUG  ]  File ignored by hicexplorer because it exceeded search pattern filesize limit: LCE504-C086_Kinkel_S1_R2_001_fastqc.html
[2021-02-05 20:41:23,460] multiqc                                            [DEBUG  ]  File ignored by longranger/invocation because it exceeded search pattern filesize limit: LCE504-C086_Kinkel_S1_R2_001_fastqc.html
[2021-02-05 20:41:23,499] multiqc                                            [DEBUG  ]  File ignored by hicexplorer because it exceeded search pattern filesize limit: LCE504-C086_Kinkel_S1_R1_001_fastqc.html
[2021-02-05 20:41:23,501] multiqc                                            [DEBUG  ]  File ignored by longranger/invocation because it exceeded search pattern filesize limit: LCE504-C086_Kinkel_S1_R1_001_fastqc.html
[2021-02-05 20:41:27,132] multiqc.plots.bargraph                             [DEBUG  ]  Using matplotlib version 3.0.3
[2021-02-05 20:41:27,168] multiqc.plots.linegraph                            [DEBUG  ]  Using matplotlib version 3.0.3
[2021-02-05 20:41:27,184] multiqc                                            [DEBUG  ]  No samples found: custom_content
[2021-02-05 20:41:27,199] multiqc                                            [DEBUG  ]  No samples found: conpair
[2021-02-05 20:41:27,246] multiqc                                            [DEBUG  ]  No samples found: peddy
[2021-02-05 20:41:27,285] multiqc                                            [DEBUG  ]  No samples found: somalier
[2021-02-05 20:41:27,338] multiqc                                            [DEBUG  ]  No samples found: methylQA
[2021-02-05 20:41:27,449] multiqc                                            [DEBUG  ]  No samples found: mosdepth
[2021-02-05 20:41:27,457] multiqc                                            [DEBUG  ]  No samples found: phantompeakqualtools
[2021-02-05 20:41:27,473] multiqc                                            [DEBUG  ]  No samples found: qualimap
[2021-02-05 20:41:27,490] multiqc                                            [DEBUG  ]  No samples found: preseq
[2021-02-05 20:41:27,519] multiqc                                            [DEBUG  ]  No samples found: quast
[2021-02-05 20:41:27,531] multiqc                                            [DEBUG  ]  No samples found: qorts
[2021-02-05 20:41:27,573] multiqc                                            [DEBUG  ]  No samples found: rna_seqc
[2021-02-05 20:41:27,620] multiqc                                            [DEBUG  ]  No samples found: rockhopper
[2021-02-05 20:41:27,647] multiqc                                            [DEBUG  ]  No samples found: rsem
[2021-02-05 20:41:27,848] multiqc                                            [DEBUG  ]  No samples found: rseqc
[2021-02-05 20:41:27,873] multiqc                                            [DEBUG  ]  No samples found: busco
[2021-02-05 20:41:27,908] multiqc                                            [DEBUG  ]  No samples found: goleft_indexcov
[2021-02-05 20:41:27,931] multiqc                                            [DEBUG  ]  No samples found: disambiguate
[2021-02-05 20:41:27,942] multiqc                                            [DEBUG  ]  No samples found: supernova
[2021-02-05 20:41:28,085] multiqc                                            [DEBUG  ]  No samples found: deeptools
[2021-02-05 20:41:28,125] multiqc                                            [DEBUG  ]  No samples found: sargasso
[2021-02-05 20:41:28,146] multiqc                                            [DEBUG  ]  No samples found: verifybamid
[2021-02-05 20:41:28,168] multiqc                                            [DEBUG  ]  No samples found: mirtrace
[2021-02-05 20:41:28,175] multiqc                                            [DEBUG  ]  No samples found: happy
[2021-02-05 20:41:28,200] multiqc                                            [DEBUG  ]  No samples found: mirtop
[2021-02-05 20:41:28,225] multiqc                                            [DEBUG  ]  No samples found: homer
[2021-02-05 20:41:28,246] multiqc                                            [DEBUG  ]  No samples found: macs2
[2021-02-05 20:41:28,271] multiqc                                            [DEBUG  ]  No samples found: theta2
[2021-02-05 20:41:28,293] multiqc                                            [DEBUG  ]  No samples found: snpeff
[2021-02-05 20:41:28,332] multiqc                                            [DEBUG  ]  No samples found: gatk
[2021-02-05 20:41:28,339] multiqc                                            [DEBUG  ]  No samples found: htseq
[2021-02-05 20:41:28,366] multiqc                                            [DEBUG  ]  No samples found: bcftools
[2021-02-05 20:41:28,380] multiqc                                            [DEBUG  ]  No samples found: featureCounts
[2021-02-05 20:41:28,435] multiqc                                            [DEBUG  ]  No samples found: fgbio
[2021-02-05 20:41:28,516] multiqc                                            [DEBUG  ]  No samples found: dragen
[2021-02-05 20:41:28,534] multiqc                                            [DEBUG  ]  No samples found: dedup
[2021-02-05 20:41:28,562] multiqc                                            [DEBUG  ]  No samples found: damageprofiler
[2021-02-05 20:41:28,743] multiqc                                            [DEBUG  ]  No samples found: biobambam2
[2021-02-05 20:41:28,764] multiqc                                            [DEBUG  ]  No samples found: mtnucratio
[2021-02-05 20:41:28,767] multiqc                                            [DEBUG  ]  No samples found: picard
[2021-02-05 20:41:28,803] multiqc                                            [DEBUG  ]  No samples found: prokka
[2021-02-05 20:41:28,828] multiqc                                            [DEBUG  ]  No samples found: samblaster
[2021-02-05 20:41:28,850] multiqc                                            [DEBUG  ]  No samples found: samtools
[2021-02-05 20:41:28,858] multiqc                                            [DEBUG  ]  No samples found: sexdeterrmine
[2021-02-05 20:41:28,872] multiqc                                            [DEBUG  ]  No samples found: bamtools
[2021-02-05 20:41:28,891] multiqc                                            [DEBUG  ]  No samples found: jellyfish
[2021-02-05 20:41:28,928] multiqc                                            [DEBUG  ]  No samples found: vcftools
[2021-02-05 20:41:28,936] multiqc                                            [DEBUG  ]  No samples found: longranger
[2021-02-05 20:41:28,943] multiqc                                            [DEBUG  ]  No samples found: stacks
[2021-02-05 20:41:28,956] multiqc                                            [DEBUG  ]  No samples found: varscan2
[2021-02-05 20:41:29,067] multiqc                                            [DEBUG  ]  No samples found: bbmap
[2021-02-05 20:41:29,075] multiqc                                            [DEBUG  ]  No samples found: bismark
[2021-02-05 20:41:29,083] multiqc                                            [DEBUG  ]  No samples found: biscuit
[2021-02-05 20:41:29,108] multiqc                                            [DEBUG  ]  No samples found: hicexplorer
[2021-02-05 20:41:29,137] multiqc                                            [DEBUG  ]  No samples found: hicup
[2021-02-05 20:41:29,145] multiqc                                            [DEBUG  ]  No samples found: hicpro
[2021-02-05 20:41:29,153] multiqc                                            [DEBUG  ]  No samples found: salmon
[2021-02-05 20:41:29,165] multiqc                                            [DEBUG  ]  No samples found: kallisto
[2021-02-05 20:41:29,180] multiqc                                            [DEBUG  ]  No samples found: slamdunk
[2021-02-05 20:41:29,187] multiqc                                            [DEBUG  ]  No samples found: star
[2021-02-05 20:41:29,193] multiqc                                            [DEBUG  ]  No samples found: hisat2
[2021-02-05 20:41:29,201] multiqc                                            [DEBUG  ]  No samples found: tophat
[2021-02-05 20:41:29,245] multiqc                                            [DEBUG  ]  No samples found: bowtie2
[2021-02-05 20:41:29,261] multiqc                                            [DEBUG  ]  No samples found: bowtie1
[2021-02-05 20:41:29,268] multiqc                                            [DEBUG  ]  No samples found: snpsplit
[2021-02-05 20:41:29,275] multiqc                                            [DEBUG  ]  No samples found: kat
[2021-02-05 20:41:29,282] multiqc                                            [DEBUG  ]  No samples found: leehom
[2021-02-05 20:41:29,301] multiqc                                            [DEBUG  ]  No samples found: adapterRemoval
[2021-02-05 20:41:29,308] multiqc                                            [DEBUG  ]  No samples found: clipandmerge
[2021-02-05 20:41:29,315] multiqc                                            [DEBUG  ]  No samples found: cutadapt
[2021-02-05 20:41:29,336] multiqc                                            [DEBUG  ]  No samples found: flexbar
[2021-02-05 20:41:29,347] multiqc                                            [DEBUG  ]  No samples found: kaiju
[2021-02-05 20:41:29,361] multiqc                                            [DEBUG  ]  No samples found: kraken
[2021-02-05 20:41:29,368] multiqc                                            [DEBUG  ]  No samples found: malt
[2021-02-05 20:41:29,376] multiqc                                            [DEBUG  ]  No samples found: trimmomatic
[2021-02-05 20:41:29,383] multiqc                                            [DEBUG  ]  No samples found: sickle
[2021-02-05 20:41:29,389] multiqc                                            [DEBUG  ]  No samples found: skewer
[2021-02-05 20:41:29,396] multiqc                                            [DEBUG  ]  No samples found: sortmerna
[2021-02-05 20:41:29,418] multiqc                                            [DEBUG  ]  No samples found: biobloomtools
[2021-02-05 20:41:29,426] multiqc                                            [DEBUG  ]  No samples found: fastq_screen
[2021-02-05 20:41:29,477] multiqc                                            [DEBUG  ]  No samples found: afterqc
[2021-02-05 20:41:29,495] multiqc                                            [DEBUG  ]  No samples found: fastp
[2021-02-05 20:41:29,664] multiqc.modules.fastqc.fastqc                      [INFO   ]  Found 2 reports
[2021-02-05 20:41:29,783] multiqc                                            [DEBUG  ]  No samples found: pycoqc
[2021-02-05 20:41:29,791] multiqc                                            [DEBUG  ]  No samples found: minionqc
[2021-02-05 20:41:29,814] multiqc                                            [DEBUG  ]  No samples found: multivcfanalyzer
[2021-02-05 20:41:29,821] multiqc                                            [DEBUG  ]  No samples found: clusterflow
[2021-02-05 20:41:29,863] multiqc                                            [DEBUG  ]  No samples found: bcl2fastq
[2021-02-05 20:41:29,871] multiqc                                            [DEBUG  ]  No samples found: interop
[2021-02-05 20:41:29,878] multiqc                                            [DEBUG  ]  No samples found: ivar
[2021-02-05 20:41:29,899] multiqc                                            [DEBUG  ]  No samples found: flash
[2021-02-05 20:41:29,906] multiqc                                            [DEBUG  ]  No samples found: seqyclean
[2021-02-05 20:41:29,911] multiqc                                            [INFO   ]  Compressing plot data
[2021-02-05 20:41:29,938] multiqc                                            [INFO   ]  Report      : ../output/FastQC/C086_Kinkel_multiqc_report.html
[2021-02-05 20:41:29,939] multiqc                                            [INFO   ]  Data        : ../output/FastQC/C086_Kinkel_multiqc_report_data
[2021-02-05 20:41:29,939] multiqc                                            [DEBUG  ]  Moving data file from '/stornext/Home/data/allstaff/h/hickey/tmp/tmpbyjgaj3z/multiqc_data' to '../output/FastQC/C086_Kinkel_multiqc_report_data'
[2021-02-05 20:41:30,948] multiqc                                            [INFO   ]  MultiQC complete
